2021-02-11 23:25:34:2534 info: GET /api/v1/users/test 200 2.311 ms - 26
2021-02-11 23:25:51:2551 info: GET /api/v1/users/test 200 0.542 ms - 26
 2021-02-11 23:26:57:2657 info: GET /api/v1/users/test 200 2.065 ms - 26
2021-02-12 01:00:33:033 info: POST /api/v1/users/register 400 271.809 ms - 1573
2021-02-12 01:00:49:049 info: POST /api/v1/users/register 400 703.375 ms - 1573
2021-02-12 01:03:33:333 info: POST /api/v1/users/register 400 273.076 ms - 1573
2021-02-12 01:06:17:617 info: POST /api/v1/users/register 400 1565.576 ms - 1573
2021-02-12 01:06:37:637 info: POST /api/v1/users/register 400 270.088 ms - 1573
2021-02-12 01:06:54:654 info: POST /api/v1/users/register 400 385.622 ms - 1617
2021-02-12 01:07:25:725 info: POST /api/v1/users/register 400 473.321 ms - 1391
2021-02-12 01:08:01:81 info: POST /api/v1/users/register 400 375.572 ms - 915
2021-02-12 01:08:14:814 info: POST /api/v1/users/register 400 3092.415 ms - 811
2021-02-12 01:08:26:826 info: POST /api/v1/users/register 200 587.890 ms - 266
2021-02-12 01:19:56:1956 info: POST /api/v1/users/register 200 1166.652 ms - 737
2021-02-12 01:25:35:2535 info: POST /api/v1/users/register 400 255.391 ms - 2
2021-02-12 01:25:40:2540 info: POST /api/v1/users/register 200 626.409 ms - 861
2021-02-12 01:25:51:2551 info: POST /api/v1/users/register 400 235.284 ms - 2
2021-02-12 01:26:41:2641 info: POST /api/v1/users/register 400 1559.546 ms - 45
2021-02-12 01:27:02:272 info: POST /api/v1/users/register 200 738.530 ms - 861
2021-02-12 01:27:27:2727 info: POST /api/v1/users/register 400 260.026 ms - 45
2021-02-12 01:27:28:2728 info: POST /api/v1/users/register 400 236.216 ms - 45
2021-02-12 01:27:36:2736 info: POST /api/v1/users/register 200 644.740 ms - 875
2021-02-12 01:40:18:4018 info: POST /api/v1/users/register 400 254.296 ms - 45
2021-02-12 01:41:42:4142 info: POST /api/v1/users/register 400 327.216 ms - 45
2021-02-12 01:44:29:4429 info: POST /api/v1/users/register - - ms - -
2021-02-12 14:20:39:2039 info: POST /api/v1/users/register 400 10013.886 ms - 504
2021-02-12 14:21:27:2127 info: POST /api/v1/users/register 200 1650.811 ms - 1005
2021-02-12 16:31:10:3110 info: POST /api/v1/users/login 400 411.965 ms - 1573
2021-02-12 16:31:41:3141 info: POST /api/v1/users/login 200 2394.190 ms - 1169
2021-02-12 16:32:52:3252 info: POST /api/v1/users/login 200 2241.666 ms - 2283
2021-02-12 16:33:22:3322 info: POST /api/v1/users/login 200 1674.721 ms - 1715
2021-02-12 16:34:43:3443 info: POST /api/v1/users/login 200 361.492 ms - 2202
2021-02-12 16:36:10:3610 info: POST /api/v1/users/login 200 427.084 ms - 2202
2021-02-12 16:36:53:3653 info: POST /api/v1/users/login 200 468.116 ms - 1169
2021-02-12 16:37:31:3731 info: POST /api/v1/users/login 200 2258.039 ms - 1169
2021-02-12 16:37:53:3753 info: POST /api/v1/users/login 200 365.580 ms - 1169
2021-02-12 16:38:20:3820 info: POST /api/v1/users/login 200 3016.611 ms - 747
2021-02-12 16:38:34:3834 info: POST /api/v1/users/login 200 2903.729 ms - 2193
2021-02-12 16:40:06:406 info: POST /api/v1/users/login 200 369.676 ms - 1181
2021-02-12 16:40:25:4025 info: POST /api/v1/users/login 200 372.862 ms - 740
2021-02-12 17:11:39:1139 info: POST /api/v1/users/register 200 1072.637 ms - 1012
2021-02-12 18:39:40:3940 info: POST /api/v1/users/verify-user 200 2767.150 ms - 126
2021-02-12 18:53:46:5346 info: POST /api/v1/users/verify-user 200 1653.870 ms - 126
2021-02-12 19:06:52:652 info: PUT /api/v1/users/verify-code 200 486.361 ms - 510
2021-02-12 19:06:58:658 info: PUT /api/v1/users/verify-code 400 228.167 ms - 38
2021-02-12 19:24:45:2445 info: POST /api/v1/users/login 200 371.646 ms - 740
2021-02-12 19:25:01:251 info: POST /api/v1/users/verify-user 200 1823.535 ms - 126
2021-02-12 19:25:16:2516 info: PUT /api/v1/users/verify-code 200 464.228 ms - 510
2021-02-12 19:25:49:2549 info: POST /api/v1/users/reset-password 401 0.469 ms - 40
2021-02-12 19:26:07:267 info: POST /api/v1/users/reset-password 200 1277.251 ms - 523
2021-02-12 19:26:31:2631 info: POST /api/v1/users/login 200 335.880 ms - 776
2021-02-12 19:38:28:3828 info: POST /api/v1/users/get-user-email 200 250.575 ms - 42
2021-02-12 19:38:35:3835 info: POST /api/v1/users/get-user-email 200 236.254 ms - 42
2021-02-12 19:38:40:3840 info: POST /api/v1/users/get-user-email 400 233.475 ms - 40
2021-02-12 19:38:44:3844 info: POST /api/v1/users/get-user-email 200 235.749 ms - 42
2021-03-07 20:25:02:252 info: POST /api/v1/register 404 1.631 ms - 155
2021-03-07 20:26:17:2617 info: POST /api/v1/users/register 400 1847.927 ms - 688
2021-03-07 20:26:28:2628 info: POST /api/v1/users/register 200 723.951 ms - 953
2021-03-07 21:51:43:5143 info: POST /api/v1/users/register 400 504.368 ms - 810
2021-03-07 21:53:55:5355 info: POST /api/v1/users/register 400 479.457 ms - 688
2021-03-07 21:54:59:5459 info: POST /api/v1/users/register 200 802.484 ms - 913
2021-03-07 21:55:23:5523 info: POST /api/v1/users/register 200 842.298 ms - 911
2021-03-07 22:12:45:1245 info: POST /api/v1/users/register 200 707.038 ms - 818
2021-03-07 22:14:37:1437 info: POST /api/v1/users/register 400 350.711 ms - 45
2021-03-07 22:14:49:1449 info: POST /api/v1/users/register 200 1341.351 ms - 923
2021-03-09 14:39:13:3913 info: POST /api/v1/users/register 200 912.755 ms - 906
2021-03-09 14:40:12:4012 info: POST /api/v1/users/checkout 200 550.818 ms - 20
2021-03-09 14:44:45:4445 info: POST /api/v1/users/register 200 737.145 ms - 895
2021-03-09 14:45:14:4514 info: POST /api/v1/users/checkout 200 1436.175 ms - 20
2021-03-09 14:46:12:4612 info: POST /api/v1/users/register 200 740.966 ms - 881
2021-03-09 14:46:30:4630 info: POST /api/v1/users/checkout 200 1265.806 ms - 20
2021-03-09 14:49:06:496 info: POST /api/v1/users/register 200 787.877 ms - 909
2021-03-09 14:49:25:4925 info: POST /api/v1/users/checkout 200 2854.048 ms - 20
2021-03-10 02:01:18:118 info: POST /api/v1/users/register 400 461.634 ms - 45
2021-03-10 02:01:33:133 info: POST /api/v1/users/register 400 345.536 ms - 1582
2021-03-10 02:02:13:213 info: POST /api/v1/users/register 400 392.802 ms - 1582
2021-03-10 02:03:36:336 info: POST /api/v1/users/register 400 462.265 ms - 1582
2021-03-10 02:04:34:434 info: POST /api/v1/users/register 400 336.847 ms - 1582
2021-03-10 02:05:06:56 info: POST /api/v1/users/register 400 426.147 ms - 1582
2021-03-10 02:06:01:61 info: POST /api/v1/users/register 200 747.878 ms - 687
2021-03-10 02:06:20:620 info: POST /api/v1/users/register 400 304.073 ms - 786
2021-03-10 02:07:36:736 info: POST /api/v1/users/register 200 709.811 ms - 664
2021-03-10 02:08:58:858 info: POST /api/v1/users/register 400 306.975 ms - 45
2021-03-10 02:09:19:919 info: POST /api/v1/users/register 400 300.975 ms - 45
2021-03-10 02:09:49:949 info: POST /api/v1/users/register 400 299.773 ms - 45
2021-03-10 02:10:32:1032 info: POST /api/v1/users/register 400 415.867 ms - 45
2021-03-10 02:11:08:118 info: POST /api/v1/users/register 400 301.350 ms - 45
2021-03-10 02:12:01:121 info: POST /api/v1/users/register 200 321.468 ms - 45
2021-03-10 02:13:08:138 info: POST /api/v1/users/register 200 304.544 ms - 45
2021-03-10 02:13:32:1332 info: POST /api/v1/users/register 200 408.835 ms - 45
2021-03-10 02:13:41:1341 info: POST /api/v1/users/register 200 408.448 ms - 45
2021-03-10 02:13:48:1348 info: POST /api/v1/users/register 200 300.054 ms - 45
2021-03-10 02:13:58:1358 info: POST /api/v1/users/register 200 673.724 ms - 680
2021-03-10 02:15:01:151 info: POST /api/v1/users/register 200 629.703 ms - 694
2021-03-10 02:15:54:1554 info: POST /api/v1/users/register 200 778.850 ms - 973
2021-03-10 02:22:25:2225 info: GET /api/v1/users/allusers 200 692.001 ms - 4472
2021-03-10 02:23:11:2311 info: GET /api/v1/users/allusers 304 715.964 ms - -
2021-03-10 02:23:49:2349 info: GET /api/v1/users/allusers 304 886.617 ms - -
2021-03-10 02:24:30:2430 info: GET /api/v1/users/allusers 304 594.160 ms - -
2021-03-10 02:24:32:2432 info: GET /api/v1/users/allusers 304 884.967 ms - -
2021-03-10 02:24:33:2433 info: GET /api/v1/users/allusers 304 683.472 ms - -
2021-03-10 02:24:49:2449 info: GET /api/v1/users/allusers 304 702.249 ms - -
2021-03-10 02:25:06:256 info: GET /api/v1/users/allusers 304 623.223 ms - -
2021-03-10 02:25:25:2525 info: GET /api/v1/users/allusers 304 589.760 ms - -
2021-03-10 02:25:28:2528 info: GET /api/v1/users/allusers 304 627.547 ms - -
2021-03-10 02:25:52:2552 info: GET /api/v1/users/allusers 304 661.662 ms - -
2021-03-10 02:25:54:2554 info: GET /api/v1/users/allusers 304 594.899 ms - -
2021-03-10 02:26:17:2617 info: GET /api/v1/users/allusers 304 801.252 ms - -
2021-03-10 02:26:20:2620 info: GET /api/v1/users/allusers 304 619.655 ms - -
2021-03-10 02:26:56:2656 info: GET /api/v1/users/allusers 304 624.972 ms - -
2021-03-10 02:27:06:276 info: GET /api/v1/users/allusers 304 1725.838 ms - -
2021-03-10 02:27:09:279 info: GET /api/v1/users/allusers 304 790.584 ms - -
2021-03-10 02:27:22:2722 info: GET /api/v1/users/allusers 200 714.728 ms - 4472
2021-03-10 02:28:01:281 info: GET /api/v1/users/allusers 304 921.474 ms - -
2021-03-10 02:28:07:287 info: GET /api/v1/users/allusers 304 781.605 ms - -
2021-03-10 02:28:08:288 info: GET /api/v1/users/allusers 304 784.544 ms - -
2021-03-10 02:28:09:289 info: GET /api/v1/users/allusers 304 619.609 ms - -
2021-03-10 02:28:09:289 info: GET /api/v1/users/allusers 304 589.958 ms - -
2021-03-10 02:28:10:2810 info: GET /api/v1/users/allusers 304 627.700 ms - -
2021-03-10 02:28:10:2810 info: GET /api/v1/users/allusers 304 587.136 ms - -
2021-03-10 02:28:11:2811 info: GET /api/v1/users/allusers 304 705.564 ms - -
2021-03-10 02:28:12:2812 info: GET /api/v1/users/allusers 304 664.129 ms - -
2021-03-10 02:28:12:2812 info: GET /api/v1/users/allusers 304 583.959 ms - -
2021-03-10 02:28:13:2813 info: GET /api/v1/users/allusers 304 881.660 ms - -
2021-03-10 02:28:14:2814 info: GET /api/v1/users/allusers 304 793.835 ms - -
2021-03-10 02:28:15:2815 info: GET /api/v1/users/allusers 304 625.544 ms - -
2021-03-10 02:28:15:2815 info: GET /api/v1/users/allusers 304 685.835 ms - -
2021-03-10 02:28:16:2816 info: GET /api/v1/users/allusers 304 809.672 ms - -
2021-03-10 02:28:17:2817 info: GET /api/v1/users/allusers 304 607.124 ms - -
2021-03-10 02:28:18:2818 info: GET /api/v1/users/allusers 304 706.264 ms - -
2021-03-10 02:28:18:2818 info: GET /api/v1/users/allusers 304 614.919 ms - -
2021-03-10 02:28:19:2819 info: GET /api/v1/users/allusers 304 715.249 ms - -
2021-03-10 02:28:20:2820 info: GET /api/v1/users/allusers 304 716.680 ms - -
2021-03-10 02:28:20:2820 info: GET /api/v1/users/allusers 304 611.783 ms - -
2021-03-10 02:28:21:2821 info: GET /api/v1/users/allusers 304 820.190 ms - -
2021-03-10 02:28:22:2822 info: GET /api/v1/users/allusers 304 710.757 ms - -
2021-03-10 02:28:22:2822 info: GET /api/v1/users/allusers 304 584.203 ms - -
2021-03-10 02:28:23:2823 info: GET /api/v1/users/allusers 304 640.150 ms - -
2021-03-10 02:28:24:2824 info: GET /api/v1/users/allusers 304 712.389 ms - -
2021-03-10 02:28:24:2824 info: GET /api/v1/users/allusers 304 587.607 ms - -
2021-03-10 02:28:25:2825 info: GET /api/v1/users/allusers 304 625.365 ms - -
2021-03-10 02:28:26:2826 info: GET /api/v1/users/allusers 304 626.976 ms - -
2021-03-10 02:28:26:2826 info: GET /api/v1/users/allusers 304 614.324 ms - -
2021-03-10 02:28:27:2827 info: GET /api/v1/users/allusers 304 699.194 ms - -
2021-03-10 02:28:27:2827 info: GET /api/v1/users/allusers 304 627.517 ms - -
2021-03-10 02:28:28:2828 info: GET /api/v1/users/allusers 304 661.619 ms - -
2021-03-10 02:28:29:2829 info: GET /api/v1/users/allusers 304 654.607 ms - -
2021-03-10 02:28:29:2829 info: GET /api/v1/users/allusers 304 585.635 ms - -
2021-03-10 02:28:30:2830 info: GET /api/v1/users/allusers 304 585.735 ms - -
2021-03-10 02:28:31:2831 info: GET /api/v1/users/allusers 304 585.536 ms - -
2021-03-10 02:28:31:2831 info: GET /api/v1/users/allusers 304 590.557 ms - -
2021-03-10 02:28:32:2832 info: GET /api/v1/users/allusers 304 715.717 ms - -
2021-03-10 02:28:32:2832 info: GET /api/v1/users/allusers 304 613.209 ms - -
2021-03-10 02:28:33:2833 info: GET /api/v1/users/allusers 304 919.445 ms - -
2021-03-10 02:28:34:2834 info: GET /api/v1/users/allusers 304 702.089 ms - -
2021-03-10 02:28:35:2835 info: GET /api/v1/users/allusers 304 729.464 ms - -
2021-03-10 02:28:36:2836 info: GET /api/v1/users/allusers 304 716.529 ms - -
2021-03-10 02:28:36:2836 info: GET /api/v1/users/allusers 304 612.198 ms - -
2021-03-10 02:28:37:2837 info: GET /api/v1/users/allusers 304 615.538 ms - -
2021-03-10 02:28:38:2838 info: GET /api/v1/users/allusers 304 817.683 ms - -
2021-03-10 02:28:38:2838 info: GET /api/v1/users/allusers 304 595.000 ms - -
2021-03-10 02:28:39:2839 info: GET /api/v1/users/allusers 304 630.887 ms - -
2021-03-10 02:28:39:2839 info: GET /api/v1/users/allusers 304 613.196 ms - -
2021-03-10 02:28:40:2840 info: GET /api/v1/users/allusers 304 614.915 ms - -
2021-03-10 02:28:41:2841 info: GET /api/v1/users/allusers 304 820.628 ms - -
2021-03-10 02:28:42:2842 info: GET /api/v1/users/allusers 304 716.433 ms - -
2021-03-10 02:28:42:2842 info: GET /api/v1/users/allusers 304 796.403 ms - -
2021-03-10 02:28:43:2843 info: GET /api/v1/users/allusers 304 630.792 ms - -
2021-03-10 02:28:44:2844 info: GET /api/v1/users/allusers 304 715.886 ms - -
2021-03-10 02:28:44:2844 info: GET /api/v1/users/allusers 304 716.975 ms - -
2021-03-10 02:28:45:2845 info: GET /api/v1/users/allusers 304 585.082 ms - -
2021-03-10 02:28:46:2846 info: GET /api/v1/users/allusers 304 584.201 ms - -
2021-03-10 02:28:46:2846 info: GET /api/v1/users/allusers 304 584.848 ms - -
2021-03-10 02:28:47:2847 info: GET /api/v1/users/allusers 304 803.034 ms - -
2021-03-10 02:28:48:2848 info: GET /api/v1/users/allusers 304 694.454 ms - -
2021-03-10 02:28:48:2848 info: GET /api/v1/users/allusers 304 731.322 ms - -
2021-03-10 02:28:49:2849 info: GET /api/v1/users/allusers 304 938.163 ms - -
2021-03-10 02:28:50:2850 info: GET /api/v1/users/allusers 304 611.790 ms - -
2021-03-10 02:28:51:2851 info: GET /api/v1/users/allusers 304 598.245 ms - -
2021-03-10 02:28:51:2851 info: GET /api/v1/users/allusers 304 597.404 ms - -
2021-03-10 02:28:52:2852 info: GET /api/v1/users/allusers 304 609.448 ms - -
2021-03-10 02:28:52:2852 info: GET /api/v1/users/allusers 304 629.688 ms - -
2021-03-10 02:28:53:2853 info: GET /api/v1/users/allusers 304 615.297 ms - -
2021-03-10 02:28:54:2854 info: GET /api/v1/users/allusers 304 583.640 ms - -
2021-03-10 02:28:54:2854 info: GET /api/v1/users/allusers 304 583.023 ms - -
2021-03-10 02:28:55:2855 info: GET /api/v1/users/allusers 304 654.800 ms - -
2021-03-10 02:28:56:2856 info: GET /api/v1/users/allusers 304 630.558 ms - -
2021-03-10 02:28:56:2856 info: GET /api/v1/users/allusers 304 718.176 ms - -
2021-03-10 02:28:57:2857 info: GET /api/v1/users/allusers 304 709.036 ms - -
2021-03-10 02:28:58:2858 info: GET /api/v1/users/allusers 304 818.222 ms - -
2021-03-10 02:28:59:2859 info: GET /api/v1/users/allusers 304 798.686 ms - -
2021-03-10 02:29:01:291 info: GET /api/v1/users/allusers 200 716.058 ms - 4472
2021-03-10 02:29:21:2921 info: GET /api/v1/users/allusers 304 703.760 ms - -
2021-03-10 02:30:40:3040 info: GET /api/v1/users/allusers 304 651.143 ms - -
2021-03-10 02:30:44:3044 info: GET /api/v1/users/allusers 304 584.704 ms - -
2021-03-10 02:35:25:3525 info: GET /api/v1/users/allusers 304 650.888 ms - -
2021-03-10 02:35:26:3526 info: GET /api/v1/users/allusers 304 607.567 ms - -
2021-03-10 02:35:31:3531 info: GET /api/v1/users/allusers 304 621.476 ms - -
2021-03-10 02:56:55:5655 info: POST /api/v1/users/send-email 200 10.329 ms - 47
2021-03-10 02:57:24:5724 info: POST /api/v1/users/send-email 200 1.150 ms - 47
2021-03-10 02:57:40:5740 info: GET /api/v1/users/allusers 304 697.532 ms - -
2021-03-10 02:57:55:5755 info: GET /api/v1/users/allusers 304 636.361 ms - -
2021-03-11 02:07:50:750 info: GET /api/v1/users/allusers 200 630.100 ms - 4472
2021-03-11 02:08:13:813 info: GET /api/v1/users/allusers 304 839.027 ms - -
2021-03-11 02:09:56:956 info: GET /api/v1/users/allusers 304 714.423 ms - -
2021-03-11 02:10:02:102 info: GET /api/v1/users/allusers 304 782.883 ms - -
2021-03-11 02:16:17:1617 info: GET /api/v1/users/allusers 304 772.638 ms - -
2021-03-11 02:17:37:1737 info: GET /api/v1/users/allusers 304 848.443 ms - -
2021-03-11 02:17:50:1750 info: GET /api/v1/users/allusers 304 677.539 ms - -
2021-03-11 02:18:09:189 info: GET /api/v1/users/allusers 304 629.041 ms - -
2021-03-11 02:21:35:2135 info: GET /api/v1/users/allusers 304 616.333 ms - -
2021-03-11 02:26:35:2635 info: GET /api/v1/users/allusers 304 662.944 ms - -
2021-03-11 02:27:26:2726 info: GET /api/v1/users/allusers 304 690.518 ms - -
2021-03-11 02:27:31:2731 info: GET /api/v1/users/allusers 304 646.947 ms - -
2021-03-11 02:27:37:2737 info: GET /api/v1/users/allusers 304 653.628 ms - -
2021-03-11 02:27:41:2741 info: GET /api/v1/users/allusers 304 770.687 ms - -
2021-03-11 02:27:43:2743 info: GET /api/v1/users/allusers 304 802.978 ms - -
2021-03-11 02:27:46:2746 info: GET /api/v1/users/allusers 304 757.747 ms - -
2021-03-11 02:27:49:2749 info: GET /api/v1/users/allusers 304 604.401 ms - -
2021-03-11 02:27:53:2753 info: GET /api/v1/users/allusers 304 663.299 ms - -
2021-03-11 02:27:54:2754 info: GET /api/v1/users/allusers 304 606.927 ms - -
2021-03-11 02:28:01:281 info: GET /api/v1/users/allusers 304 805.313 ms - -
2021-03-11 02:28:02:282 info: GET /api/v1/users/allusers 304 637.444 ms - -
2021-03-11 02:28:05:285 info: GET /api/v1/users/allusers 304 602.915 ms - -
2021-03-11 02:28:07:287 info: GET /api/v1/users/allusers 304 605.423 ms - -
2021-03-11 02:28:10:2810 info: GET /api/v1/users/allusers 304 699.571 ms - -
2021-03-11 02:28:15:2815 info: GET /api/v1/users/allusers 304 675.757 ms - -
2021-03-11 02:28:16:2816 info: GET /api/v1/users/allusers 304 754.139 ms - -
2021-03-11 02:28:20:2820 info: GET /api/v1/users/allusers 304 609.219 ms - -
2021-03-11 02:28:21:2821 info: GET /api/v1/users/allusers 304 791.571 ms - -
2021-03-11 02:28:26:2826 info: GET /api/v1/users/allusers 304 803.951 ms - -
2021-03-11 02:28:28:2828 info: GET /api/v1/users/allusers 304 601.822 ms - -
2021-03-11 02:28:30:2830 info: GET /api/v1/users/allusers 304 602.852 ms - -
2021-03-11 02:28:32:2832 info: GET /api/v1/users/allusers 304 820.789 ms - -
2021-03-11 02:28:36:2836 info: GET /api/v1/users/allusers 304 737.756 ms - -
2021-03-11 02:28:38:2838 info: GET /api/v1/users/allusers 304 803.588 ms - -
2021-03-11 02:28:39:2839 info: GET /api/v1/users/allusers 304 601.889 ms - -
2021-03-11 02:28:43:2843 info: GET /api/v1/users/allusers 304 752.772 ms - -
2021-03-11 02:28:45:2845 info: GET /api/v1/users/allusers 304 800.395 ms - -
2021-03-11 02:28:46:2846 info: GET /api/v1/users/allusers 304 750.428 ms - -
2021-03-11 02:28:50:2850 info: GET /api/v1/users/allusers 304 651.947 ms - -
2021-03-11 02:28:52:2852 info: GET /api/v1/users/allusers 304 706.239 ms - -
2021-03-11 02:28:55:2855 info: GET /api/v1/users/allusers 304 604.138 ms - -
2021-03-11 02:28:58:2858 info: GET /api/v1/users/allusers 304 758.335 ms - -
2021-03-11 02:29:01:291 info: GET /api/v1/users/allusers 304 730.696 ms - -
2021-03-11 02:29:03:293 info: GET /api/v1/users/allusers 304 671.289 ms - -
2021-03-11 02:29:07:297 info: GET /api/v1/users/allusers 304 658.626 ms - -
2021-03-11 02:29:08:298 info: GET /api/v1/users/allusers 304 688.151 ms - -
2021-03-11 02:29:11:2911 info: GET /api/v1/users/allusers 304 668.287 ms - -
2021-03-11 02:29:14:2914 info: GET /api/v1/users/allusers 304 601.770 ms - -
2021-03-11 02:29:17:2917 info: GET /api/v1/users/allusers 304 676.560 ms - -
2021-03-11 02:29:23:2923 info: GET /api/v1/users/allusers 304 787.623 ms - -
2021-03-11 02:29:25:2925 info: GET /api/v1/users/allusers 304 605.911 ms - -
2021-03-11 02:29:27:2927 info: GET /api/v1/users/allusers 304 766.768 ms - -
2021-03-11 02:29:40:2940 info: GET /api/v1/users/allusers 304 715.342 ms - -
2021-03-11 02:29:46:2946 info: GET /api/v1/users/allusers 304 787.959 ms - -
2021-03-11 02:29:51:2951 info: GET /api/v1/users/allusers 304 839.208 ms - -
2021-03-11 02:29:53:2953 info: GET /api/v1/users/allusers 304 763.549 ms - -
2021-03-11 02:29:57:2957 info: GET /api/v1/users/allusers 304 715.947 ms - -
2021-03-11 02:29:59:2959 info: GET /api/v1/users/allusers 304 622.871 ms - -
2021-03-11 02:30:03:303 info: GET /api/v1/users/allusers 304 602.255 ms - -
2021-03-11 02:30:04:304 info: GET /api/v1/users/allusers 304 778.204 ms - -
2021-03-11 02:30:08:308 info: GET /api/v1/users/allusers 304 602.754 ms - -
2021-03-11 02:30:09:309 info: GET /api/v1/users/allusers 304 789.588 ms - -
2021-03-11 02:30:16:3016 info: GET /api/v1/users/allusers 304 836.535 ms - -
2021-03-11 02:30:17:3017 info: GET /api/v1/users/allusers 304 796.183 ms - -
2021-03-11 02:30:22:3022 info: GET /api/v1/users/allusers 304 608.346 ms - -
2021-03-11 02:30:23:3023 info: GET /api/v1/users/allusers 304 784.947 ms - -
2021-03-11 02:30:26:3026 info: GET /api/v1/users/allusers 304 605.249 ms - -
2021-03-11 02:30:29:3029 info: GET /api/v1/users/allusers 304 677.301 ms - -
2021-03-11 02:30:32:3032 info: GET /api/v1/users/allusers 304 820.719 ms - -
2021-03-11 02:30:34:3034 info: GET /api/v1/users/allusers 304 671.993 ms - -
2021-03-11 02:30:35:3035 info: GET /api/v1/users/allusers 304 777.328 ms - -
2021-03-11 02:30:37:3037 info: GET /api/v1/users/allusers 304 736.319 ms - -
2021-03-11 02:30:40:3040 info: GET /api/v1/users/allusers 304 629.530 ms - -
2021-03-11 02:30:42:3042 info: GET /api/v1/users/allusers 304 800.996 ms - -
2021-03-11 02:30:44:3044 info: GET /api/v1/users/allusers 304 682.006 ms - -
2021-03-11 02:30:45:3045 info: GET /api/v1/users/allusers 304 637.467 ms - -
2021-03-11 02:30:46:3046 info: GET /api/v1/users/allusers 304 792.528 ms - -
2021-03-11 02:30:49:3049 info: GET /api/v1/users/allusers 304 738.701 ms - -
2021-03-11 02:30:53:3053 info: GET /api/v1/users/allusers 304 806.173 ms - -
2021-03-11 02:30:55:3055 info: GET /api/v1/users/allusers 304 618.486 ms - -
2021-03-11 02:30:57:3057 info: GET /api/v1/users/allusers 304 824.069 ms - -
2021-03-11 02:30:59:3059 info: GET /api/v1/users/allusers 304 815.821 ms - -
2021-03-11 02:31:01:311 info: GET /api/v1/users/allusers 304 612.517 ms - -
2021-03-11 02:31:04:314 info: GET /api/v1/users/allusers 304 781.232 ms - -
2021-03-11 02:31:17:3117 info: GET /api/v1/users/allusers 304 774.856 ms - -
2021-03-11 02:31:27:3127 info: GET /api/v1/users/allusers 304 789.425 ms - -
2021-03-11 02:31:44:3144 info: GET /api/v1/users/allusers 304 602.799 ms - -
2021-03-11 02:32:38:3238 info: GET /api/v1/users/allusers 304 602.558 ms - -
2021-03-11 02:33:25:3325 info: GET /api/v1/users/allusers 304 807.120 ms - -
2021-03-11 02:33:48:3348 info: GET /api/v1/users/allusers 304 730.649 ms - -
2021-03-11 02:33:51:3351 info: GET /api/v1/users/allusers 304 703.866 ms - -
2021-03-11 02:34:04:344 info: GET /api/v1/users/allusers 304 746.272 ms - -
2021-03-11 02:34:08:348 info: GET /api/v1/users/allusers 304 712.584 ms - -
2021-03-11 02:34:14:3414 info: GET /api/v1/users/allusers 304 713.252 ms - -
2021-03-11 02:34:19:3419 info: GET /api/v1/users/allusers 304 714.261 ms - -
2021-03-11 02:34:26:3426 info: GET /api/v1/users/allusers - - ms - -
2021-03-11 02:34:27:3427 info: GET /api/v1/users/allusers 200 797.035 ms - 4472
2021-03-11 02:34:42:3442 info: GET /api/v1/users/allusers 304 596.901 ms - -
2021-03-11 02:34:44:3444 info: GET /api/v1/users/allusers 304 607.558 ms - -
2021-03-11 02:35:22:3522 info: GET /api/v1/users/allusers 304 708.346 ms - -
2021-03-11 02:35:23:3523 info: GET /api/v1/users/allusers 304 594.959 ms - -
2021-03-11 02:36:43:3643 info: GET /api/v1/users/allusers 304 627.551 ms - -
2021-03-11 02:36:47:3647 info: GET /api/v1/users/allusers 304 685.157 ms - -
2021-03-11 02:37:40:3740 info: GET /api/v1/users/allusers 304 657.829 ms - -
2021-03-11 02:37:44:3744 info: GET /api/v1/users/allusers 304 720.122 ms - -
2021-03-11 02:37:47:3747 info: GET /api/v1/users/allusers 304 677.505 ms - -
2021-03-11 02:37:52:3752 info: GET /api/v1/users/allusers 304 749.098 ms - -
2021-03-11 02:43:54:4354 info: GET /api/v1/users/allusers 304 645.476 ms - -
2021-03-11 02:44:16:4416 info: GET /api/v1/users/allusers 304 775.592 ms - -
2021-03-11 02:47:43:4743 info: GET /api/v1/users/allusers? 200 843.998 ms - 35
2021-03-11 02:49:43:4943 info: GET /api/v1/users/allusers?q1=Creator&q2=Store%20owner 200 1549.154 ms - 35
2021-03-11 02:49:51:4951 info: GET /api/v1/users/allusers?q1=Creator&q2=Store%20owner 304 784.587 ms - -
2021-03-11 02:50:47:5047 info: GET /api/v1/users/allusers?q1=Creator&q2=Store%20owner 304 736.823 ms - -
2021-03-11 02:54:51:5451 info: GET /api/v1/users/allusers?q1=creator&q2=store_owner 200 736.781 ms - 4472
2021-03-11 02:55:23:5523 info: GET /api/v1/users/allusers?q1=creator&q2=store_owner 304 638.262 ms - -
2021-03-11 02:55:30:5530 info: GET /api/v1/users/allusers?q1=creator&q2=store_owner 304 766.978 ms - -
2021-03-11 02:55:39:5539 info: GET /api/v1/users/allusers?q1=freelancers&q2=employeers 200 809.860 ms - 35
2021-03-11 02:55:51:5551 info: GET /api/v1/users/allusers?q1=enterprenuers&q2=investors 200 785.702 ms - 35
2021-03-11 02:55:59:5559 info: GET /api/v1/users/allusers?q1=liberal&q2=conservative 200 729.621 ms - 35
2021-03-11 02:56:36:5636 info: GET /api/v1/users/allusers?q1=liberal&q2=conservative 304 777.576 ms - -
2021-03-11 02:57:05:575 info: GET /api/v1/users/allusers?q1=liberal&q2=conservative 304 733.919 ms - -
2021-03-11 02:57:37:5737 info: GET /api/v1/users/allusers?q1=liberal&q2=conservative 304 616.340 ms - -
2021-03-11 02:57:42:5742 info: GET /api/v1/users/allusers?q1=liberal&q2=conservative 304 732.483 ms - -
2021-03-11 02:57:49:5749 info: GET /api/v1/users/allusers?q1=creator&q2=store_owner 304 613.616 ms - -
2021-03-11 02:57:51:5751 info: GET /api/v1/users/allusers?q1=creator&q2=store_owner 304 660.825 ms - -
2021-03-11 02:58:03:583 info: GET /api/v1/users/allusers?q1=liberal&q2=conservative 304 612.736 ms - -
2021-03-11 02:58:27:5827 info: GET /api/v1/users/allusers?q1=creator&q2=store_owner 304 837.416 ms - -
2021-03-11 02:58:47:5847 info: POST /api/v1/users/send-email 200 7.310 ms - 47
2021-03-11 03:00:24:024 info: POST /api/v1/users/send-email 200 9.561 ms - 47
2021-03-11 03:00:52:052 info: POST /api/v1/users/send-email 200 8.158 ms - 47
2021-03-11 03:01:43:143 info: GET /api/v1/users/allusers?q1=creator&q2=store_owner 304 604.378 ms - -
2021-03-11 03:01:54:154 info: GET /api/v1/users/allusers?q1=freelancers&q2=employeers 304 693.031 ms - -
2021-03-11 03:14:08:148 info: GET /api/v1/users/allusers?q1=creator&q2=store_owner 304 589.103 ms - -
2021-03-11 03:15:03:153 info: GET /api/v1/users/allusers?q1=freelancers&q2=employeers 304 623.262 ms - -
2021-03-11 03:15:08:158 info: GET /api/v1/users/allusers?q1=freelancers&q2=employeers 304 620.107 ms - -
2021-03-11 03:15:18:1518 info: GET /api/v1/users/allusers?q1=creator&q2=store_owner 304 637.468 ms - -
2021-03-11 03:17:56:1756 info: GET /api/v1/users/allusers?q1=freelancers&q2=employeers 304 574.938 ms - -
2021-03-11 03:17:59:1759 info: GET /api/v1/users/allusers?q1=freelancers&q2=employeers 304 575.085 ms - -
2021-03-11 03:25:57:2557 info: GET /api/v1/users/allusers?q1=creator&q2=store_owner 304 582.068 ms - -
2021-03-11 13:52:17:5217 info: GET /api/v1/users/allusers?q1=creator&q2=store_owner 304 2710.297 ms - -
2021-03-11 17:27:17:2717 info: GET /api/v1/users/allusers?q1=creator&q2=store_owner 304 815.410 ms - -
2021-03-11 17:27:38:2738 info: GET /api/v1/users/allusers?q1=freelancers&q2=employeers 304 688.103 ms - -
2021-03-11 17:27:48:2748 info: GET /api/v1/users/allusers?q1=enterprenuers&q2=investors 304 684.936 ms - -
2021-03-11 17:27:54:2754 info: GET /api/v1/users/allusers?q1=liberal&q2=conservative 304 688.566 ms - -
2021-03-11 17:28:00:280 info: GET /api/v1/users/allusers?q1=liberal&q2=conservative 304 683.769 ms - -
2021-03-11 17:28:04:284 info: GET /api/v1/users/allusers?q1=creator&q2=store_owner 304 697.409 ms - -
2021-03-11 17:28:47:2847 info: POST /api/v1/users/send-email 200 8.237 ms - 47
2021-03-11 17:29:44:2944 info: POST /api/v1/users/send-email 200 0.966 ms - 47
2021-03-11 17:30:51:3051 info: POST /api/v1/users/register 200 346.985 ms - 45
2021-03-11 17:31:07:317 info: POST /api/v1/users/register 200 353.511 ms - 786
2021-03-11 17:31:44:3144 info: POST /api/v1/users/register 200 454.680 ms - 751
2021-03-11 17:33:19:3319 info: POST /api/v1/users/register 200 469.825 ms - 754
2021-03-11 17:33:58:3358 info: POST /api/v1/users/checkout 200 2434.861 ms - 20
2021-03-11 17:34:17:3417 info: GET /api/v1/users/allusers?q1=creator&q2=store_owner 304 700.315 ms - -
2021-03-11 17:34:24:3424 info: GET /api/v1/users/allusers?q1=freelancers&q2=employeers 304 709.010 ms - -
2021-03-11 17:34:28:3428 info: GET /api/v1/users/allusers?q1=freelancers&q2=employeers 304 1252.366 ms - -
2021-03-11 17:34:36:3436 info: GET /api/v1/users/allusers?q1=freelancers&q2=employeers 304 691.312 ms - -
2021-03-11 17:34:44:3444 info: GET /api/v1/users/allusers?q1=freelancers&q2=employeers 304 688.141 ms - -
2021-03-11 17:36:49:3649 info: GET /api/v1/users/allusers?q1=freelancers&q2=employeers 304 693.089 ms - -
2021-03-11 17:38:02:382 info: POST /api/v1/users/register 200 352.770 ms - 45
2021-03-11 17:40:34:4034 info: POST /api/v1/users/register 200 346.015 ms - 45
2021-03-11 17:46:48:4648 info: GET /api/v1/users/allusers?q1=freelancers&q2=employeers 304 713.836 ms - -
2021-03-11 18:04:17:417 info: GET /api/v1/users/allusers?q1=creator&q2=store_owner 304 1123.683 ms - -
2021-03-11 18:28:38:2838 info: GET /api/v1/users/allusers?q1=creator&q2=store_owner 304 1246.083 ms - -
2021-03-11 18:29:51:2951 info: GET /api/v1/users/allusers?q1=freelancers&q2=employeers 304 1772.880 ms - -
2021-03-11 18:29:58:2958 info: GET /api/v1/users/allusers?q1=freelancers&q2=employeers 304 704.489 ms - -
